2019-09-29 18:17:05,099 [Worker-2] INFO  o.e.m.c.i.l.LifecycleMappingFactory - Using org.eclipse.m2e.jdt.JarLifecycleMapping lifecycle mapping for MavenProject: TrainsJavaSL:TrainsJavaSL:0.0.1-SNAPSHOT @ C:\Users\saral\OneDrive\Documentos\GitHub\train\TrainsJavaSL\pom.xml.
2019-09-29 18:17:06,404 [Worker-2] INFO  o.e.m.j.i.AbstractJavaProjectConfigurator - Adding source folder /TrainsJavaSL/src
2019-09-29 18:17:06,404 [Worker-2] INFO  o.e.m.j.i.AbstractJavaProjectConfigurator - Not adding source folder /TrainsJavaSL/src/test/java because it overlaps with /TrainsJavaSL/src
2019-09-29 18:17:06,509 [Worker-2] INFO  o.e.m.c.i.p.ProjectConfigurationManager - Imported and configured 1 project(s) in 5 sec
2019-09-29 18:17:07,327 [Worker-1] INFO  o.e.m.c.i.l.LifecycleMappingFactory - Using org.eclipse.m2e.jdt.JarLifecycleMapping lifecycle mapping for MavenProject: TrainsJavaSL:TrainsJavaSL:0.0.1-SNAPSHOT @ C:\Users\saral\OneDrive\Documentos\GitHub\train\TrainsJavaSL\pom.xml.
2019-09-29 18:17:09,173 [Worker-6] WARN  o.e.m.c.i.embedder.EclipseLogger - Using platform encoding (Cp1252 actually) to copy filtered resources, i.e. build is platform dependent!
2019-09-29 18:17:09,173 [Worker-6] INFO  o.e.m.c.i.embedder.EclipseLogger - skip non existing resourceDirectory C:\Users\saral\OneDrive\Documentos\GitHub\train\TrainsJavaSL\src\main\resources
2019-09-29 18:17:09,181 [Worker-6] WARN  o.e.m.c.i.embedder.EclipseLogger - Using platform encoding (Cp1252 actually) to copy filtered resources, i.e. build is platform dependent!
2019-09-29 18:17:09,181 [Worker-6] INFO  o.e.m.c.i.embedder.EclipseLogger - skip non existing resourceDirectory C:\Users\saral\OneDrive\Documentos\GitHub\train\TrainsJavaSL\src\test\resources
2019-09-29 18:17:10,340 [Worker-6] WARN  o.e.m.c.i.embedder.EclipseLogger - Using platform encoding (Cp1252 actually) to copy filtered resources, i.e. build is platform dependent!
2019-09-29 18:17:10,341 [Worker-6] INFO  o.e.m.c.i.embedder.EclipseLogger - skip non existing resourceDirectory C:\Users\saral\OneDrive\Documentos\GitHub\train\TrainsJavaSL\src\main\resources
2019-09-29 18:17:10,341 [Worker-6] WARN  o.e.m.c.i.embedder.EclipseLogger - Using platform encoding (Cp1252 actually) to copy filtered resources, i.e. build is platform dependent!
2019-09-29 18:17:10,341 [Worker-6] INFO  o.e.m.c.i.embedder.EclipseLogger - skip non existing resourceDirectory C:\Users\saral\OneDrive\Documentos\GitHub\train\TrainsJavaSL\src\test\resources
2019-09-29 18:19:22,981 [Worker-2] WARN  o.e.m.c.i.embedder.EclipseLogger - Using platform encoding (Cp1252 actually) to copy filtered resources, i.e. build is platform dependent!
2019-09-29 18:19:22,983 [Worker-2] INFO  o.e.m.c.i.embedder.EclipseLogger - skip non existing resourceDirectory C:\Users\saral\OneDrive\Documentos\GitHub\train\TrainsJavaSL\src\main\resources
2019-09-29 18:19:22,984 [Worker-2] WARN  o.e.m.c.i.embedder.EclipseLogger - Using platform encoding (Cp1252 actually) to copy filtered resources, i.e. build is platform dependent!
2019-09-29 18:19:22,984 [Worker-2] INFO  o.e.m.c.i.embedder.EclipseLogger - skip non existing resourceDirectory C:\Users\saral\OneDrive\Documentos\GitHub\train\TrainsJavaSL\src\test\resources
2019-09-29 19:08:31,870 [Worker-1] WARN  o.e.m.c.i.embedder.EclipseLogger - Using platform encoding (Cp1252 actually) to copy filtered resources, i.e. build is platform dependent!
2019-09-29 19:08:31,872 [Worker-1] INFO  o.e.m.c.i.embedder.EclipseLogger - skip non existing resourceDirectory C:\Users\saral\OneDrive\Documentos\GitHub\train\TrainsJavaSL\src\main\resources
2019-09-29 19:08:31,874 [Worker-1] WARN  o.e.m.c.i.embedder.EclipseLogger - Using platform encoding (Cp1252 actually) to copy filtered resources, i.e. build is platform dependent!
2019-09-29 19:08:31,875 [Worker-1] INFO  o.e.m.c.i.embedder.EclipseLogger - skip non existing resourceDirectory C:\Users\saral\OneDrive\Documentos\GitHub\train\TrainsJavaSL\src\test\resources
2019-09-29 20:09:34,784 [Worker-7] WARN  o.e.m.c.i.embedder.EclipseLogger - Using platform encoding (Cp1252 actually) to copy filtered resources, i.e. build is platform dependent!
2019-09-29 20:09:34,784 [Worker-7] INFO  o.e.m.c.i.embedder.EclipseLogger - skip non existing resourceDirectory C:\Users\saral\OneDrive\Documentos\GitHub\train\TrainsJavaSL\src\main\resources
2019-09-29 20:09:34,784 [Worker-7] WARN  o.e.m.c.i.embedder.EclipseLogger - Using platform encoding (Cp1252 actually) to copy filtered resources, i.e. build is platform dependent!
2019-09-29 20:09:34,784 [Worker-7] INFO  o.e.m.c.i.embedder.EclipseLogger - skip non existing resourceDirectory C:\Users\saral\OneDrive\Documentos\GitHub\train\TrainsJavaSL\src\test\resources
2019-09-29 20:11:37,250 [Worker-12] WARN  o.e.m.c.i.embedder.EclipseLogger - Using platform encoding (Cp1252 actually) to copy filtered resources, i.e. build is platform dependent!
2019-09-29 20:11:37,250 [Worker-12] INFO  o.e.m.c.i.embedder.EclipseLogger - skip non existing resourceDirectory C:\Users\saral\OneDrive\Documentos\GitHub\train\TrainsJavaSL\src\main\resources
2019-09-29 20:11:37,250 [Worker-12] WARN  o.e.m.c.i.embedder.EclipseLogger - Using platform encoding (Cp1252 actually) to copy filtered resources, i.e. build is platform dependent!
2019-09-29 20:11:37,250 [Worker-12] INFO  o.e.m.c.i.embedder.EclipseLogger - skip non existing resourceDirectory C:\Users\saral\OneDrive\Documentos\GitHub\train\TrainsJavaSL\src\test\resources
2019-09-29 20:37:33,170 [Worker-14] WARN  o.e.m.c.i.embedder.EclipseLogger - Using platform encoding (Cp1252 actually) to copy filtered resources, i.e. build is platform dependent!
2019-09-29 20:37:33,175 [Worker-14] INFO  o.e.m.c.i.embedder.EclipseLogger - skip non existing resourceDirectory C:\Users\saral\OneDrive\Documentos\GitHub\train\TrainsJavaSL\src\main\resources
2019-09-29 20:37:33,175 [Worker-14] WARN  o.e.m.c.i.embedder.EclipseLogger - Using platform encoding (Cp1252 actually) to copy filtered resources, i.e. build is platform dependent!
2019-09-29 20:37:33,175 [Worker-14] INFO  o.e.m.c.i.embedder.EclipseLogger - skip non existing resourceDirectory C:\Users\saral\OneDrive\Documentos\GitHub\train\TrainsJavaSL\src\test\resources
2019-09-29 20:42:33,322 [Worker-10] WARN  o.e.m.c.i.embedder.EclipseLogger - Using platform encoding (Cp1252 actually) to copy filtered resources, i.e. build is platform dependent!
2019-09-29 20:42:33,322 [Worker-10] INFO  o.e.m.c.i.embedder.EclipseLogger - skip non existing resourceDirectory C:\Users\saral\OneDrive\Documentos\GitHub\train\TrainsJavaSL\src\main\resources
2019-09-29 20:42:33,322 [Worker-10] WARN  o.e.m.c.i.embedder.EclipseLogger - Using platform encoding (Cp1252 actually) to copy filtered resources, i.e. build is platform dependent!
2019-09-29 20:42:33,322 [Worker-10] INFO  o.e.m.c.i.embedder.EclipseLogger - skip non existing resourceDirectory C:\Users\saral\OneDrive\Documentos\GitHub\train\TrainsJavaSL\src\test\resources
2019-09-29 20:43:11,633 [Worker-7] WARN  o.e.m.c.i.embedder.EclipseLogger - Using platform encoding (Cp1252 actually) to copy filtered resources, i.e. build is platform dependent!
2019-09-29 20:43:11,633 [Worker-7] INFO  o.e.m.c.i.embedder.EclipseLogger - skip non existing resourceDirectory C:\Users\saral\OneDrive\Documentos\GitHub\train\TrainsJavaSL\src\main\resources
2019-09-29 20:43:11,633 [Worker-7] WARN  o.e.m.c.i.embedder.EclipseLogger - Using platform encoding (Cp1252 actually) to copy filtered resources, i.e. build is platform dependent!
2019-09-29 20:43:11,633 [Worker-7] INFO  o.e.m.c.i.embedder.EclipseLogger - skip non existing resourceDirectory C:\Users\saral\OneDrive\Documentos\GitHub\train\TrainsJavaSL\src\test\resources
2019-09-29 20:43:25,584 [Worker-16] WARN  o.e.m.c.i.embedder.EclipseLogger - Using platform encoding (Cp1252 actually) to copy filtered resources, i.e. build is platform dependent!
2019-09-29 20:43:25,584 [Worker-16] INFO  o.e.m.c.i.embedder.EclipseLogger - skip non existing resourceDirectory C:\Users\saral\OneDrive\Documentos\GitHub\train\TrainsJavaSL\src\main\resources
2019-09-29 20:43:25,584 [Worker-16] WARN  o.e.m.c.i.embedder.EclipseLogger - Using platform encoding (Cp1252 actually) to copy filtered resources, i.e. build is platform dependent!
2019-09-29 20:43:25,584 [Worker-16] INFO  o.e.m.c.i.embedder.EclipseLogger - skip non existing resourceDirectory C:\Users\saral\OneDrive\Documentos\GitHub\train\TrainsJavaSL\src\test\resources
2019-09-29 20:43:51,472 [Worker-7] WARN  o.e.m.c.i.embedder.EclipseLogger - Using platform encoding (Cp1252 actually) to copy filtered resources, i.e. build is platform dependent!
2019-09-29 20:43:51,472 [Worker-7] INFO  o.e.m.c.i.embedder.EclipseLogger - skip non existing resourceDirectory C:\Users\saral\OneDrive\Documentos\GitHub\train\TrainsJavaSL\src\main\resources
2019-09-29 20:43:51,472 [Worker-7] WARN  o.e.m.c.i.embedder.EclipseLogger - Using platform encoding (Cp1252 actually) to copy filtered resources, i.e. build is platform dependent!
2019-09-29 20:43:51,472 [Worker-7] INFO  o.e.m.c.i.embedder.EclipseLogger - skip non existing resourceDirectory C:\Users\saral\OneDrive\Documentos\GitHub\train\TrainsJavaSL\src\test\resources
2019-09-29 20:44:29,525 [Worker-7] WARN  o.e.m.c.i.embedder.EclipseLogger - Using platform encoding (Cp1252 actually) to copy filtered resources, i.e. build is platform dependent!
2019-09-29 20:44:29,525 [Worker-7] INFO  o.e.m.c.i.embedder.EclipseLogger - skip non existing resourceDirectory C:\Users\saral\OneDrive\Documentos\GitHub\train\TrainsJavaSL\src\main\resources
2019-09-29 20:44:29,525 [Worker-7] WARN  o.e.m.c.i.embedder.EclipseLogger - Using platform encoding (Cp1252 actually) to copy filtered resources, i.e. build is platform dependent!
2019-09-29 20:44:29,525 [Worker-7] INFO  o.e.m.c.i.embedder.EclipseLogger - skip non existing resourceDirectory C:\Users\saral\OneDrive\Documentos\GitHub\train\TrainsJavaSL\src\test\resources
2019-09-29 20:44:49,284 [Worker-18] WARN  o.e.m.c.i.embedder.EclipseLogger - Using platform encoding (Cp1252 actually) to copy filtered resources, i.e. build is platform dependent!
2019-09-29 20:44:49,284 [Worker-18] INFO  o.e.m.c.i.embedder.EclipseLogger - skip non existing resourceDirectory C:\Users\saral\OneDrive\Documentos\GitHub\train\TrainsJavaSL\src\main\resources
2019-09-29 20:44:49,299 [Worker-18] WARN  o.e.m.c.i.embedder.EclipseLogger - Using platform encoding (Cp1252 actually) to copy filtered resources, i.e. build is platform dependent!
2019-09-29 20:44:49,299 [Worker-18] INFO  o.e.m.c.i.embedder.EclipseLogger - skip non existing resourceDirectory C:\Users\saral\OneDrive\Documentos\GitHub\train\TrainsJavaSL\src\test\resources
2019-09-29 20:48:27,092 [Worker-19] WARN  o.e.m.c.i.embedder.EclipseLogger - Using platform encoding (Cp1252 actually) to copy filtered resources, i.e. build is platform dependent!
2019-09-29 20:48:27,092 [Worker-19] INFO  o.e.m.c.i.embedder.EclipseLogger - skip non existing resourceDirectory C:\Users\saral\OneDrive\Documentos\GitHub\train\TrainsJavaSL\src\main\resources
2019-09-29 20:48:27,092 [Worker-19] WARN  o.e.m.c.i.embedder.EclipseLogger - Using platform encoding (Cp1252 actually) to copy filtered resources, i.e. build is platform dependent!
2019-09-29 20:48:27,092 [Worker-19] INFO  o.e.m.c.i.embedder.EclipseLogger - skip non existing resourceDirectory C:\Users\saral\OneDrive\Documentos\GitHub\train\TrainsJavaSL\src\test\resources
2019-09-29 20:50:46,848 [Worker-12] WARN  o.e.m.c.i.embedder.EclipseLogger - Using platform encoding (Cp1252 actually) to copy filtered resources, i.e. build is platform dependent!
2019-09-29 20:50:46,848 [Worker-12] INFO  o.e.m.c.i.embedder.EclipseLogger - skip non existing resourceDirectory C:\Users\saral\OneDrive\Documentos\GitHub\train\TrainsJavaSL\src\main\resources
2019-09-29 20:50:46,848 [Worker-12] WARN  o.e.m.c.i.embedder.EclipseLogger - Using platform encoding (Cp1252 actually) to copy filtered resources, i.e. build is platform dependent!
2019-09-29 20:50:46,848 [Worker-12] INFO  o.e.m.c.i.embedder.EclipseLogger - skip non existing resourceDirectory C:\Users\saral\OneDrive\Documentos\GitHub\train\TrainsJavaSL\src\test\resources
2019-09-29 20:55:59,578 [Worker-10] WARN  o.e.m.c.i.embedder.EclipseLogger - Using platform encoding (Cp1252 actually) to copy filtered resources, i.e. build is platform dependent!
2019-09-29 20:55:59,578 [Worker-10] INFO  o.e.m.c.i.embedder.EclipseLogger - skip non existing resourceDirectory C:\Users\saral\OneDrive\Documentos\GitHub\train\TrainsJavaSL\src\main\resources
2019-09-29 20:55:59,578 [Worker-10] WARN  o.e.m.c.i.embedder.EclipseLogger - Using platform encoding (Cp1252 actually) to copy filtered resources, i.e. build is platform dependent!
2019-09-29 20:55:59,578 [Worker-10] INFO  o.e.m.c.i.embedder.EclipseLogger - skip non existing resourceDirectory C:\Users\saral\OneDrive\Documentos\GitHub\train\TrainsJavaSL\src\test\resources
2019-09-29 20:58:18,462 [Worker-25] WARN  o.e.m.c.i.embedder.EclipseLogger - Using platform encoding (Cp1252 actually) to copy filtered resources, i.e. build is platform dependent!
2019-09-29 20:58:18,462 [Worker-25] INFO  o.e.m.c.i.embedder.EclipseLogger - skip non existing resourceDirectory C:\Users\saral\OneDrive\Documentos\GitHub\train\TrainsJavaSL\src\main\resources
2019-09-29 20:58:18,462 [Worker-25] WARN  o.e.m.c.i.embedder.EclipseLogger - Using platform encoding (Cp1252 actually) to copy filtered resources, i.e. build is platform dependent!
2019-09-29 20:58:18,462 [Worker-25] INFO  o.e.m.c.i.embedder.EclipseLogger - skip non existing resourceDirectory C:\Users\saral\OneDrive\Documentos\GitHub\train\TrainsJavaSL\src\test\resources
2019-09-29 21:05:01,659 [Worker-21] WARN  o.e.m.c.i.embedder.EclipseLogger - Using platform encoding (Cp1252 actually) to copy filtered resources, i.e. build is platform dependent!
2019-09-29 21:05:01,659 [Worker-21] INFO  o.e.m.c.i.embedder.EclipseLogger - skip non existing resourceDirectory C:\Users\saral\OneDrive\Documentos\GitHub\train\TrainsJavaSL\src\main\resources
2019-09-29 21:05:01,659 [Worker-21] WARN  o.e.m.c.i.embedder.EclipseLogger - Using platform encoding (Cp1252 actually) to copy filtered resources, i.e. build is platform dependent!
2019-09-29 21:05:01,659 [Worker-21] INFO  o.e.m.c.i.embedder.EclipseLogger - skip non existing resourceDirectory C:\Users\saral\OneDrive\Documentos\GitHub\train\TrainsJavaSL\src\test\resources
2019-09-29 21:08:08,873 [Worker-20] WARN  o.e.m.c.i.embedder.EclipseLogger - Using platform encoding (Cp1252 actually) to copy filtered resources, i.e. build is platform dependent!
2019-09-29 21:08:08,873 [Worker-20] INFO  o.e.m.c.i.embedder.EclipseLogger - skip non existing resourceDirectory C:\Users\saral\OneDrive\Documentos\GitHub\train\TrainsJavaSL\src\main\resources
2019-09-29 21:08:08,873 [Worker-20] WARN  o.e.m.c.i.embedder.EclipseLogger - Using platform encoding (Cp1252 actually) to copy filtered resources, i.e. build is platform dependent!
2019-09-29 21:08:08,873 [Worker-20] INFO  o.e.m.c.i.embedder.EclipseLogger - skip non existing resourceDirectory C:\Users\saral\OneDrive\Documentos\GitHub\train\TrainsJavaSL\src\test\resources
2019-09-29 21:12:20,906 [Worker-26] WARN  o.e.m.c.i.embedder.EclipseLogger - Using platform encoding (Cp1252 actually) to copy filtered resources, i.e. build is platform dependent!
2019-09-29 21:12:20,906 [Worker-26] INFO  o.e.m.c.i.embedder.EclipseLogger - skip non existing resourceDirectory C:\Users\saral\OneDrive\Documentos\GitHub\train\TrainsJavaSL\src\main\resources
2019-09-29 21:12:20,906 [Worker-26] WARN  o.e.m.c.i.embedder.EclipseLogger - Using platform encoding (Cp1252 actually) to copy filtered resources, i.e. build is platform dependent!
2019-09-29 21:12:20,906 [Worker-26] INFO  o.e.m.c.i.embedder.EclipseLogger - skip non existing resourceDirectory C:\Users\saral\OneDrive\Documentos\GitHub\train\TrainsJavaSL\src\test\resources
2019-09-29 21:15:22,352 [Worker-25] WARN  o.e.m.c.i.embedder.EclipseLogger - Using platform encoding (Cp1252 actually) to copy filtered resources, i.e. build is platform dependent!
2019-09-29 21:15:22,352 [Worker-25] INFO  o.e.m.c.i.embedder.EclipseLogger - skip non existing resourceDirectory C:\Users\saral\OneDrive\Documentos\GitHub\train\TrainsJavaSL\src\main\resources
2019-09-29 21:15:22,352 [Worker-25] WARN  o.e.m.c.i.embedder.EclipseLogger - Using platform encoding (Cp1252 actually) to copy filtered resources, i.e. build is platform dependent!
2019-09-29 21:15:22,352 [Worker-25] INFO  o.e.m.c.i.embedder.EclipseLogger - skip non existing resourceDirectory C:\Users\saral\OneDrive\Documentos\GitHub\train\TrainsJavaSL\src\test\resources
2019-09-29 21:37:01,965 [Worker-21] WARN  o.e.m.c.i.embedder.EclipseLogger - Using platform encoding (Cp1252 actually) to copy filtered resources, i.e. build is platform dependent!
2019-09-29 21:37:01,965 [Worker-21] INFO  o.e.m.c.i.embedder.EclipseLogger - skip non existing resourceDirectory C:\Users\saral\OneDrive\Documentos\GitHub\train\TrainsJavaSL\src\main\resources
2019-09-29 21:37:01,965 [Worker-21] WARN  o.e.m.c.i.embedder.EclipseLogger - Using platform encoding (Cp1252 actually) to copy filtered resources, i.e. build is platform dependent!
2019-09-29 21:37:01,965 [Worker-21] INFO  o.e.m.c.i.embedder.EclipseLogger - skip non existing resourceDirectory C:\Users\saral\OneDrive\Documentos\GitHub\train\TrainsJavaSL\src\test\resources
2019-09-29 21:37:54,943 [Worker-19] WARN  o.e.m.c.i.embedder.EclipseLogger - Using platform encoding (Cp1252 actually) to copy filtered resources, i.e. build is platform dependent!
2019-09-29 21:37:54,943 [Worker-19] INFO  o.e.m.c.i.embedder.EclipseLogger - skip non existing resourceDirectory C:\Users\saral\OneDrive\Documentos\GitHub\train\TrainsJavaSL\src\main\resources
2019-09-29 21:37:54,943 [Worker-19] WARN  o.e.m.c.i.embedder.EclipseLogger - Using platform encoding (Cp1252 actually) to copy filtered resources, i.e. build is platform dependent!
2019-09-29 21:37:54,943 [Worker-19] INFO  o.e.m.c.i.embedder.EclipseLogger - skip non existing resourceDirectory C:\Users\saral\OneDrive\Documentos\GitHub\train\TrainsJavaSL\src\test\resources
2019-09-29 21:43:31,555 [Worker-21] WARN  o.e.m.c.i.embedder.EclipseLogger - Using platform encoding (Cp1252 actually) to copy filtered resources, i.e. build is platform dependent!
2019-09-29 21:43:31,555 [Worker-21] INFO  o.e.m.c.i.embedder.EclipseLogger - skip non existing resourceDirectory C:\Users\saral\OneDrive\Documentos\GitHub\train\TrainsJavaSL\src\main\resources
2019-09-29 21:43:31,555 [Worker-21] WARN  o.e.m.c.i.embedder.EclipseLogger - Using platform encoding (Cp1252 actually) to copy filtered resources, i.e. build is platform dependent!
2019-09-29 21:43:31,555 [Worker-21] INFO  o.e.m.c.i.embedder.EclipseLogger - skip non existing resourceDirectory C:\Users\saral\OneDrive\Documentos\GitHub\train\TrainsJavaSL\src\test\resources
2019-09-29 21:44:00,908 [Worker-25] WARN  o.e.m.c.i.embedder.EclipseLogger - Using platform encoding (Cp1252 actually) to copy filtered resources, i.e. build is platform dependent!
2019-09-29 21:44:00,908 [Worker-25] INFO  o.e.m.c.i.embedder.EclipseLogger - skip non existing resourceDirectory C:\Users\saral\OneDrive\Documentos\GitHub\train\TrainsJavaSL\src\main\resources
2019-09-29 21:44:00,908 [Worker-25] WARN  o.e.m.c.i.embedder.EclipseLogger - Using platform encoding (Cp1252 actually) to copy filtered resources, i.e. build is platform dependent!
2019-09-29 21:44:00,908 [Worker-25] INFO  o.e.m.c.i.embedder.EclipseLogger - skip non existing resourceDirectory C:\Users\saral\OneDrive\Documentos\GitHub\train\TrainsJavaSL\src\test\resources
